<?xml version="1.0" encoding="UTF-8"?>
<!-- Generated by org.testng.reporters.JUnitXMLReporter -->
<testsuite ignored="0" hostname="DINESHs-MBP.Dlink" failures="0" tests="2" name="Surefire test" time="10.507" errors="0" timestamp="2023-10-22T10:36:32 IST">
  <testcase classname="io.cucumber.testng.AbstractTestNGCucumberTests" name="runScenario" time="9.147"/>
  <testcase classname="io.cucumber.testng.AbstractTestNGCucumberTests" name="runScenario" time="0.935"/>
</testsuite> <!-- Surefire test -->
